<?xml version="1.0" encoding="UTF-8"?>
<testsuite xmlns:xsi="http://www.w3.org/2001/XMLSchema-instance" xsi:noNamespaceSchemaLocation="https://maven.apache.org/surefire/maven-surefire-plugin/xsd/surefire-test-report-3.0.xsd" version="3.0" name="net.openhft.affinity.osgi.OSGiBundleTest" time="1.071" tests="3" errors="3" skipped="0" failures="0">
  <properties>
[...]
</properties>
  <testcase name="checkBundleState" classname="net.openhft.affinity.osgi.OSGiBundleTest" time="0.832">
    <error message="Error resolving artifact org.ops4j.pax.exam:pax-exam-inject:jar:4.8.0: Could not transfer artifact org.ops4j.pax.exam:pax-exam-inject:jar:4.8.0 from/to central (http://repo1.maven.org/maven2/): Failed to transfer file: http://repo1.maven.org/maven2/org/ops4j/pax/exam/pax-exam-inject/4.8.0/pax-exam-inject-4.8.0.jar. Return code is: 501 , ReasonPhrase:HTTPS Required." type="java.io.IOException"><![CDATA[java.io.IOException: Error resolving artifact org.ops4j.pax.exam:pax-exam-inject:jar:4.8.0: Could not transfer artifact org.ops4j.pax.exam:pax-exam-inject:jar:4.8.0 from/to central (http://repo1.maven.org/maven2/): Failed to transfer file: http://repo1.maven.org/maven2/org/ops4j/pax/exam/pax-exam-inject/4.8.0/pax-exam-inject-4.8.0.jar. Return code is: 501 , ReasonPhrase:HTTPS Required.
]]></error>
    <system-err><![CDATA[[main] INFO org.ops4j.pax.exam.spi.DefaultExamSystem - Pax Exam System (Version: 4.8.0) created.
[main] INFO org.ops4j.pax.exam.junit.impl.ProbeRunner - creating PaxExam runner for class net.openhft.affinity.osgi.OSGiBundleTest
[main] INFO org.ops4j.pax.exam.junit.impl.ProbeRunner - running test class net.openhft.affinity.osgi.OSGiBundleTest
[main] WARN org.ops4j.pax.url.mvn.internal.AetherBasedResolver - Error resolving artifactorg.ops4j.pax.exam:pax-exam-inject:jar:4.8.0:Could not transfer artifact org.ops4j.pax.exam:pax-exam-inject:jar:4.8.0 from/to central (http://repo1.maven.org/maven2/): Failed to transfer file: http://repo1.maven.org/maven2/org/ops4j/pax/exam/pax-exam-inject/4.8.0/pax-exam-inject-4.8.0.jar. Return code is: 501 , ReasonPhrase:HTTPS Required.
shaded.org.eclipse.aether.resolution.ArtifactResolutionException: Could not transfer artifact org.ops4j.pax.exam:pax-exam-inject:jar:4.8.0 from/to central (http://repo1.maven.org/maven2/): Failed to transfer file: http://repo1.maven.org/maven2/org/ops4j/pax/exam/pax-exam-inject/4.8.0/pax-exam-inject-4.8.0.jar. Return code is: 501 , ReasonPhrase:HTTPS Required.
	at shaded.org.eclipse.aether.internal.impl.DefaultArtifactResolver.resolve(DefaultArtifactResolver.java:444)
	at shaded.org.eclipse.aether.internal.impl.DefaultArtifactResolver.resolveArtifacts(DefaultArtifactResolver.java:246)
	at shaded.org.eclipse.aether.internal.impl.DefaultArtifactResolver.resolveArtifact(DefaultArtifactResolver.java:223)
	at shaded.org.eclipse.aether.internal.impl.DefaultRepositorySystem.resolveArtifact(DefaultRepositorySystem.java:294)
	at org.ops4j.pax.url.mvn.internal.AetherBasedResolver.resolve(AetherBasedResolver.java:615)
	at org.ops4j.pax.url.mvn.internal.AetherBasedResolver.resolve(AetherBasedResolver.java:570)
	at org.ops4j.pax.url.mvn.internal.AetherBasedResolver.resolve(AetherBasedResolver.java:548)
	at org.ops4j.pax.url.mvn.internal.AetherBasedResolver.resolve(AetherBasedResolver.java:523)
	at org.ops4j.pax.url.mvn.internal.Connection.getInputStream(Connection.java:123)
	at org.apache.felix.framework.util.SecureAction.getURLConnectionInputStream(SecureAction.java:524)
	at org.apache.felix.framework.cache.JarRevision.initialize(JarRevision.java:166)
	at org.apache.felix.framework.cache.JarRevision.<init>(JarRevision.java:77)
	at org.apache.felix.framework.cache.BundleArchive.createRevisionFromLocation(BundleArchive.java:878)
	at org.apache.felix.framework.cache.BundleArchive.reviseInternal(BundleArchive.java:550)
	at org.apache.felix.framework.cache.BundleArchive.<init>(BundleArchive.java:153)
	at org.apache.felix.framework.cache.BundleCache.create(BundleCache.java:277)
	at org.apache.felix.framework.Felix.installBundle(Felix.java:2874)
	at org.apache.felix.framework.BundleContextImpl.installBundle(BundleContextImpl.java:165)
	at org.apache.felix.framework.BundleContextImpl.installBundle(BundleContextImpl.java:138)
	at org.ops4j.pax.exam.nat.internal.NativeTestContainer.installAndStartBundles(NativeTestContainer.java:340)
	at org.ops4j.pax.exam.nat.internal.NativeTestContainer.start(NativeTestContainer.java:209)
	at org.ops4j.pax.exam.spi.reactors.AllConfinedStagedReactor.invoke(AllConfinedStagedReactor.java:79)
	at org.ops4j.pax.exam.junit.impl.ProbeRunner$2.evaluate(ProbeRunner.java:267)
	at org.junit.runners.ParentRunner.runLeaf(ParentRunner.java:325)
	at org.junit.runners.BlockJUnit4ClassRunner.runChild(BlockJUnit4ClassRunner.java:78)
	at org.junit.runners.BlockJUnit4ClassRunner.runChild(BlockJUnit4ClassRunner.java:57)
	at org.junit.runners.ParentRunner$3.run(ParentRunner.java:290)
	at org.junit.runners.ParentRunner$1.schedule(ParentRunner.java:71)
	at org.junit.runners.ParentRunner.runChildren(ParentRunner.java:288)
	at org.junit.runners.ParentRunner.access$000(ParentRunner.java:58)
	at org.junit.runners.ParentRunner$2.evaluate(ParentRunner.java:268)
	at org.junit.runners.ParentRunner.run(ParentRunner.java:363)
	at org.ops4j.pax.exam.junit.impl.ProbeRunner.run(ProbeRunner.java:98)
	at org.ops4j.pax.exam.junit.PaxExam.run(PaxExam.java:93)
	at org.apache.maven.surefire.junit4.JUnit4Provider.execute(JUnit4Provider.java:364)
	at org.apache.maven.surefire.junit4.JUnit4Provider.executeWithRerun(JUnit4Provider.java:272)
	at org.apache.maven.surefire.junit4.JUnit4Provider.executeTestSet(JUnit4Provider.java:237)
	at org.apache.maven.surefire.junit4.JUnit4Provider.invoke(JUnit4Provider.java:158)
	at org.apache.maven.surefire.booter.ForkedBooter.runSuitesInProcess(ForkedBooter.java:428)
	at org.apache.maven.surefire.booter.ForkedBooter.execute(ForkedBooter.java:162)
	at org.apache.maven.surefire.booter.ForkedBooter.run(ForkedBooter.java:562)
	at org.apache.maven.surefire.booter.ForkedBooter.main(ForkedBooter.java:548)
Caused by: shaded.org.eclipse.aether.transfer.ArtifactTransferException: Could not transfer artifact org.ops4j.pax.exam:pax-exam-inject:jar:4.8.0 from/to central (http://repo1.maven.org/maven2/): Failed to transfer file: http://repo1.maven.org/maven2/org/ops4j/pax/exam/pax-exam-inject/4.8.0/pax-exam-inject-4.8.0.jar. Return code is: 501 , ReasonPhrase:HTTPS Required.
	at shaded.org.eclipse.aether.connector.basic.ArtifactTransportListener.transferFailed(ArtifactTransportListener.java:43)
	at shaded.org.eclipse.aether.connector.basic.BasicRepositoryConnector$TaskRunner.run(BasicRepositoryConnector.java:355)
	at shaded.org.eclipse.aether.util.concurrency.RunnableErrorForwarder$1.run(RunnableErrorForwarder.java:67)
	at shaded.org.eclipse.aether.connector.basic.BasicRepositoryConnector$DirectExecutor.execute(BasicRepositoryConnector.java:581)
	at shaded.org.eclipse.aether.connector.basic.BasicRepositoryConnector.get(BasicRepositoryConnector.java:249)
	at shaded.org.eclipse.aether.internal.impl.DefaultArtifactResolver.performDownloads(DefaultArtifactResolver.java:520)
	at shaded.org.eclipse.aether.internal.impl.DefaultArtifactResolver.resolve(DefaultArtifactResolver.java:421)
	... 41 more
Caused by: shaded.org.apache.maven.wagon.TransferFailedException: Failed to transfer file: http://repo1.maven.org/maven2/org/ops4j/pax/exam/pax-exam-inject/4.8.0/pax-exam-inject-4.8.0.jar. Return code is: 501 , ReasonPhrase:HTTPS Required.
	at shaded.org.apache.maven.wagon.providers.http.AbstractHttpClientWagon.fillInputData(AbstractHttpClientWagon.java:1039)
	at shaded.org.apache.maven.wagon.providers.http.AbstractHttpClientWagon.fillInputData(AbstractHttpClientWagon.java:977)
	at shaded.org.apache.maven.wagon.StreamWagon.getInputStream(StreamWagon.java:116)
	at shaded.org.apache.maven.wagon.StreamWagon.getIfNewer(StreamWagon.java:88)
	at shaded.org.apache.maven.wagon.StreamWagon.get(StreamWagon.java:61)
	at shaded.org.eclipse.aether.transport.wagon.WagonTransporter$GetTaskRunner.run(WagonTransporter.java:560)
	at shaded.org.eclipse.aether.transport.wagon.WagonTransporter.execute(WagonTransporter.java:427)
	at shaded.org.eclipse.aether.transport.wagon.WagonTransporter.get(WagonTransporter.java:404)
	at shaded.org.eclipse.aether.connector.basic.BasicRepositoryConnector$GetTaskRunner.runTask(BasicRepositoryConnector.java:447)
	at shaded.org.eclipse.aether.connector.basic.BasicRepositoryConnector$TaskRunner.run(BasicRepositoryConnector.java:350)
	... 46 more
]]></system-err>
  </testcase>
  <testcase name="checkBundleExports" classname="net.openhft.affinity.osgi.OSGiBundleTest" time="0.056">
    <error message="Error resolving artifact org.ops4j.pax.exam:pax-exam-inject:jar:4.8.0: Could not transfer artifact org.ops4j.pax.exam:pax-exam-inject:jar:4.8.0 from/to central (http://repo1.maven.org/maven2/): Failed to transfer file: http://repo1.maven.org/maven2/org/ops4j/pax/exam/pax-exam-inject/4.8.0/pax-exam-inject-4.8.0.jar. Return code is: 501 , ReasonPhrase:HTTPS Required." type="java.io.IOException"><![CDATA[java.io.IOException: Error resolving artifact org.ops4j.pax.exam:pax-exam-inject:jar:4.8.0: Could not transfer artifact org.ops4j.pax.exam:pax-exam-inject:jar:4.8.0 from/to central (http://repo1.maven.org/maven2/): Failed to transfer file: http://repo1.maven.org/maven2/org/ops4j/pax/exam/pax-exam-inject/4.8.0/pax-exam-inject-4.8.0.jar. Return code is: 501 , ReasonPhrase:HTTPS Required.
]]></error>
    <system-err><![CDATA[[main] WARN org.ops4j.pax.url.mvn.internal.AetherBasedResolver - Error resolving artifactorg.ops4j.pax.exam:pax-exam-inject:jar:4.8.0:Could not transfer artifact org.ops4j.pax.exam:pax-exam-inject:jar:4.8.0 from/to central (http://repo1.maven.org/maven2/): Failed to transfer file: http://repo1.maven.org/maven2/org/ops4j/pax/exam/pax-exam-inject/4.8.0/pax-exam-inject-4.8.0.jar. Return code is: 501 , ReasonPhrase:HTTPS Required.
shaded.org.eclipse.aether.resolution.ArtifactResolutionException: Could not transfer artifact org.ops4j.pax.exam:pax-exam-inject:jar:4.8.0 from/to central (http://repo1.maven.org/maven2/): Failed to transfer file: http://repo1.maven.org/maven2/org/ops4j/pax/exam/pax-exam-inject/4.8.0/pax-exam-inject-4.8.0.jar. Return code is: 501 , ReasonPhrase:HTTPS Required.
	at shaded.org.eclipse.aether.internal.impl.DefaultArtifactResolver.resolve(DefaultArtifactResolver.java:444)
	at shaded.org.eclipse.aether.internal.impl.DefaultArtifactResolver.resolveArtifacts(DefaultArtifactResolver.java:246)
	at shaded.org.eclipse.aether.internal.impl.DefaultArtifactResolver.resolveArtifact(DefaultArtifactResolver.java:223)
	at shaded.org.eclipse.aether.internal.impl.DefaultRepositorySystem.resolveArtifact(DefaultRepositorySystem.java:294)
	at org.ops4j.pax.url.mvn.internal.AetherBasedResolver.resolve(AetherBasedResolver.java:615)
	at org.ops4j.pax.url.mvn.internal.AetherBasedResolver.resolve(AetherBasedResolver.java:570)
	at org.ops4j.pax.url.mvn.internal.AetherBasedResolver.resolve(AetherBasedResolver.java:548)
	at org.ops4j.pax.url.mvn.internal.AetherBasedResolver.resolve(AetherBasedResolver.java:523)
	at org.ops4j.pax.url.mvn.internal.Connection.getInputStream(Connection.java:123)
	at org.apache.felix.framework.util.SecureAction.getURLConnectionInputStream(SecureAction.java:524)
	at org.apache.felix.framework.cache.JarRevision.initialize(JarRevision.java:166)
	at org.apache.felix.framework.cache.JarRevision.<init>(JarRevision.java:77)
	at org.apache.felix.framework.cache.BundleArchive.createRevisionFromLocation(BundleArchive.java:878)
	at org.apache.felix.framework.cache.BundleArchive.reviseInternal(BundleArchive.java:550)
	at org.apache.felix.framework.cache.BundleArchive.<init>(BundleArchive.java:153)
	at org.apache.felix.framework.cache.BundleCache.create(BundleCache.java:277)
	at org.apache.felix.framework.Felix.installBundle(Felix.java:2874)
	at org.apache.felix.framework.BundleContextImpl.installBundle(BundleContextImpl.java:165)
	at org.apache.felix.framework.BundleContextImpl.installBundle(BundleContextImpl.java:138)
	at org.ops4j.pax.exam.nat.internal.NativeTestContainer.installAndStartBundles(NativeTestContainer.java:340)
	at org.ops4j.pax.exam.nat.internal.NativeTestContainer.start(NativeTestContainer.java:209)
	at org.ops4j.pax.exam.spi.reactors.AllConfinedStagedReactor.invoke(AllConfinedStagedReactor.java:79)
	at org.ops4j.pax.exam.junit.impl.ProbeRunner$2.evaluate(ProbeRunner.java:267)
	at org.junit.runners.ParentRunner.runLeaf(ParentRunner.java:325)
	at org.junit.runners.BlockJUnit4ClassRunner.runChild(BlockJUnit4ClassRunner.java:78)
	at org.junit.runners.BlockJUnit4ClassRunner.runChild(BlockJUnit4ClassRunner.java:57)
	at org.junit.runners.ParentRunner$3.run(ParentRunner.java:290)
	at org.junit.runners.ParentRunner$1.schedule(ParentRunner.java:71)
	at org.junit.runners.ParentRunner.runChildren(ParentRunner.java:288)
	at org.junit.runners.ParentRunner.access$000(ParentRunner.java:58)
	at org.junit.runners.ParentRunner$2.evaluate(ParentRunner.java:268)
	at org.junit.runners.ParentRunner.run(ParentRunner.java:363)
	at org.ops4j.pax.exam.junit.impl.ProbeRunner.run(ProbeRunner.java:98)
	at org.ops4j.pax.exam.junit.PaxExam.run(PaxExam.java:93)
	at org.apache.maven.surefire.junit4.JUnit4Provider.execute(JUnit4Provider.java:364)
	at org.apache.maven.surefire.junit4.JUnit4Provider.executeWithRerun(JUnit4Provider.java:272)
	at org.apache.maven.surefire.junit4.JUnit4Provider.executeTestSet(JUnit4Provider.java:237)
	at org.apache.maven.surefire.junit4.JUnit4Provider.invoke(JUnit4Provider.java:158)
	at org.apache.maven.surefire.booter.ForkedBooter.runSuitesInProcess(ForkedBooter.java:428)
	at org.apache.maven.surefire.booter.ForkedBooter.execute(ForkedBooter.java:162)
	at org.apache.maven.surefire.booter.ForkedBooter.run(ForkedBooter.java:562)
	at org.apache.maven.surefire.booter.ForkedBooter.main(ForkedBooter.java:548)
Caused by: shaded.org.eclipse.aether.transfer.ArtifactTransferException: Could not transfer artifact org.ops4j.pax.exam:pax-exam-inject:jar:4.8.0 from/to central (http://repo1.maven.org/maven2/): Failed to transfer file: http://repo1.maven.org/maven2/org/ops4j/pax/exam/pax-exam-inject/4.8.0/pax-exam-inject-4.8.0.jar. Return code is: 501 , ReasonPhrase:HTTPS Required.
	at shaded.org.eclipse.aether.connector.basic.ArtifactTransportListener.transferFailed(ArtifactTransportListener.java:43)
	at shaded.org.eclipse.aether.connector.basic.BasicRepositoryConnector$TaskRunner.run(BasicRepositoryConnector.java:355)
	at shaded.org.eclipse.aether.util.concurrency.RunnableErrorForwarder$1.run(RunnableErrorForwarder.java:67)
	at shaded.org.eclipse.aether.connector.basic.BasicRepositoryConnector$DirectExecutor.execute(BasicRepositoryConnector.java:581)
	at shaded.org.eclipse.aether.connector.basic.BasicRepositoryConnector.get(BasicRepositoryConnector.java:249)
	at shaded.org.eclipse.aether.internal.impl.DefaultArtifactResolver.performDownloads(DefaultArtifactResolver.java:520)
	at shaded.org.eclipse.aether.internal.impl.DefaultArtifactResolver.resolve(DefaultArtifactResolver.java:421)
	... 41 more
Caused by: shaded.org.apache.maven.wagon.TransferFailedException: Failed to transfer file: http://repo1.maven.org/maven2/org/ops4j/pax/exam/pax-exam-inject/4.8.0/pax-exam-inject-4.8.0.jar. Return code is: 501 , ReasonPhrase:HTTPS Required.
	at shaded.org.apache.maven.wagon.providers.http.AbstractHttpClientWagon.fillInputData(AbstractHttpClientWagon.java:1039)
	at shaded.org.apache.maven.wagon.providers.http.AbstractHttpClientWagon.fillInputData(AbstractHttpClientWagon.java:977)
	at shaded.org.apache.maven.wagon.StreamWagon.getInputStream(StreamWagon.java:116)
	at shaded.org.apache.maven.wagon.StreamWagon.getIfNewer(StreamWagon.java:88)
	at shaded.org.apache.maven.wagon.StreamWagon.get(StreamWagon.java:61)
	at shaded.org.eclipse.aether.transport.wagon.WagonTransporter$GetTaskRunner.run(WagonTransporter.java:560)
	at shaded.org.eclipse.aether.transport.wagon.WagonTransporter.execute(WagonTransporter.java:427)
	at shaded.org.eclipse.aether.transport.wagon.WagonTransporter.get(WagonTransporter.java:404)
	at shaded.org.eclipse.aether.connector.basic.BasicRepositoryConnector$GetTaskRunner.runTask(BasicRepositoryConnector.java:447)
	at shaded.org.eclipse.aether.connector.basic.BasicRepositoryConnector$TaskRunner.run(BasicRepositoryConnector.java:350)
	... 46 more
]]></system-err>
  </testcase>
  <testcase name="checkInject" classname="net.openhft.affinity.osgi.OSGiBundleTest" time="0.052">
    <error message="Error resolving artifact org.ops4j.pax.exam:pax-exam-inject:jar:4.8.0: Could not transfer artifact org.ops4j.pax.exam:pax-exam-inject:jar:4.8.0 from/to central (http://repo1.maven.org/maven2/): Failed to transfer file: http://repo1.maven.org/maven2/org/ops4j/pax/exam/pax-exam-inject/4.8.0/pax-exam-inject-4.8.0.jar. Return code is: 501 , ReasonPhrase:HTTPS Required." type="java.io.IOException"><![CDATA[java.io.IOException: Error resolving artifact org.ops4j.pax.exam:pax-exam-inject:jar:4.8.0: Could not transfer artifact org.ops4j.pax.exam:pax-exam-inject:jar:4.8.0 from/to central (http://repo1.maven.org/maven2/): Failed to transfer file: http://repo1.maven.org/maven2/org/ops4j/pax/exam/pax-exam-inject/4.8.0/pax-exam-inject-4.8.0.jar. Return code is: 501 , ReasonPhrase:HTTPS Required.
]]></error>
    <system-err><![CDATA[[main] WARN org.ops4j.pax.url.mvn.internal.AetherBasedResolver - Error resolving artifactorg.ops4j.pax.exam:pax-exam-inject:jar:4.8.0:Could not transfer artifact org.ops4j.pax.exam:pax-exam-inject:jar:4.8.0 from/to central (http://repo1.maven.org/maven2/): Failed to transfer file: http://repo1.maven.org/maven2/org/ops4j/pax/exam/pax-exam-inject/4.8.0/pax-exam-inject-4.8.0.jar. Return code is: 501 , ReasonPhrase:HTTPS Required.
shaded.org.eclipse.aether.resolution.ArtifactResolutionException: Could not transfer artifact org.ops4j.pax.exam:pax-exam-inject:jar:4.8.0 from/to central (http://repo1.maven.org/maven2/): Failed to transfer file: http://repo1.maven.org/maven2/org/ops4j/pax/exam/pax-exam-inject/4.8.0/pax-exam-inject-4.8.0.jar. Return code is: 501 , ReasonPhrase:HTTPS Required.
	at shaded.org.eclipse.aether.internal.impl.DefaultArtifactResolver.resolve(DefaultArtifactResolver.java:444)
	at shaded.org.eclipse.aether.internal.impl.DefaultArtifactResolver.resolveArtifacts(DefaultArtifactResolver.java:246)
	at shaded.org.eclipse.aether.internal.impl.DefaultArtifactResolver.resolveArtifact(DefaultArtifactResolver.java:223)
	at shaded.org.eclipse.aether.internal.impl.DefaultRepositorySystem.resolveArtifact(DefaultRepositorySystem.java:294)
	at org.ops4j.pax.url.mvn.internal.AetherBasedResolver.resolve(AetherBasedResolver.java:615)
	at org.ops4j.pax.url.mvn.internal.AetherBasedResolver.resolve(AetherBasedResolver.java:570)
	at org.ops4j.pax.url.mvn.internal.AetherBasedResolver.resolve(AetherBasedResolver.java:548)
	at org.ops4j.pax.url.mvn.internal.AetherBasedResolver.resolve(AetherBasedResolver.java:523)
	at org.ops4j.pax.url.mvn.internal.Connection.getInputStream(Connection.java:123)
	at org.apache.felix.framework.util.SecureAction.getURLConnectionInputStream(SecureAction.java:524)
	at org.apache.felix.framework.cache.JarRevision.initialize(JarRevision.java:166)
	at org.apache.felix.framework.cache.JarRevision.<init>(JarRevision.java:77)
	at org.apache.felix.framework.cache.BundleArchive.createRevisionFromLocation(BundleArchive.java:878)
	at org.apache.felix.framework.cache.BundleArchive.reviseInternal(BundleArchive.java:550)
	at org.apache.felix.framework.cache.BundleArchive.<init>(BundleArchive.java:153)
	at org.apache.felix.framework.cache.BundleCache.create(BundleCache.java:277)
	at org.apache.felix.framework.Felix.installBundle(Felix.java:2874)
	at org.apache.felix.framework.BundleContextImpl.installBundle(BundleContextImpl.java:165)
	at org.apache.felix.framework.BundleContextImpl.installBundle(BundleContextImpl.java:138)
	at org.ops4j.pax.exam.nat.internal.NativeTestContainer.installAndStartBundles(NativeTestContainer.java:340)
	at org.ops4j.pax.exam.nat.internal.NativeTestContainer.start(NativeTestContainer.java:209)
	at org.ops4j.pax.exam.spi.reactors.AllConfinedStagedReactor.invoke(AllConfinedStagedReactor.java:79)
	at org.ops4j.pax.exam.junit.impl.ProbeRunner$2.evaluate(ProbeRunner.java:267)
	at org.junit.runners.ParentRunner.runLeaf(ParentRunner.java:325)
	at org.junit.runners.BlockJUnit4ClassRunner.runChild(BlockJUnit4ClassRunner.java:78)
	at org.junit.runners.BlockJUnit4ClassRunner.runChild(BlockJUnit4ClassRunner.java:57)
	at org.junit.runners.ParentRunner$3.run(ParentRunner.java:290)
	at org.junit.runners.ParentRunner$1.schedule(ParentRunner.java:71)
	at org.junit.runners.ParentRunner.runChildren(ParentRunner.java:288)
	at org.junit.runners.ParentRunner.access$000(ParentRunner.java:58)
	at org.junit.runners.ParentRunner$2.evaluate(ParentRunner.java:268)
	at org.junit.runners.ParentRunner.run(ParentRunner.java:363)
	at org.ops4j.pax.exam.junit.impl.ProbeRunner.run(ProbeRunner.java:98)
	at org.ops4j.pax.exam.junit.PaxExam.run(PaxExam.java:93)
	at org.apache.maven.surefire.junit4.JUnit4Provider.execute(JUnit4Provider.java:364)
	at org.apache.maven.surefire.junit4.JUnit4Provider.executeWithRerun(JUnit4Provider.java:272)
	at org.apache.maven.surefire.junit4.JUnit4Provider.executeTestSet(JUnit4Provider.java:237)
	at org.apache.maven.surefire.junit4.JUnit4Provider.invoke(JUnit4Provider.java:158)
	at org.apache.maven.surefire.booter.ForkedBooter.runSuitesInProcess(ForkedBooter.java:428)
	at org.apache.maven.surefire.booter.ForkedBooter.execute(ForkedBooter.java:162)
	at org.apache.maven.surefire.booter.ForkedBooter.run(ForkedBooter.java:562)
	at org.apache.maven.surefire.booter.ForkedBooter.main(ForkedBooter.java:548)
Caused by: shaded.org.eclipse.aether.transfer.ArtifactTransferException: Could not transfer artifact org.ops4j.pax.exam:pax-exam-inject:jar:4.8.0 from/to central (http://repo1.maven.org/maven2/): Failed to transfer file: http://repo1.maven.org/maven2/org/ops4j/pax/exam/pax-exam-inject/4.8.0/pax-exam-inject-4.8.0.jar. Return code is: 501 , ReasonPhrase:HTTPS Required.
	at shaded.org.eclipse.aether.connector.basic.ArtifactTransportListener.transferFailed(ArtifactTransportListener.java:43)
	at shaded.org.eclipse.aether.connector.basic.BasicRepositoryConnector$TaskRunner.run(BasicRepositoryConnector.java:355)
	at shaded.org.eclipse.aether.util.concurrency.RunnableErrorForwarder$1.run(RunnableErrorForwarder.java:67)
	at shaded.org.eclipse.aether.connector.basic.BasicRepositoryConnector$DirectExecutor.execute(BasicRepositoryConnector.java:581)
	at shaded.org.eclipse.aether.connector.basic.BasicRepositoryConnector.get(BasicRepositoryConnector.java:249)
	at shaded.org.eclipse.aether.internal.impl.DefaultArtifactResolver.performDownloads(DefaultArtifactResolver.java:520)
	at shaded.org.eclipse.aether.internal.impl.DefaultArtifactResolver.resolve(DefaultArtifactResolver.java:421)
	... 41 more
Caused by: shaded.org.apache.maven.wagon.TransferFailedException: Failed to transfer file: http://repo1.maven.org/maven2/org/ops4j/pax/exam/pax-exam-inject/4.8.0/pax-exam-inject-4.8.0.jar. Return code is: 501 , ReasonPhrase:HTTPS Required.
	at shaded.org.apache.maven.wagon.providers.http.AbstractHttpClientWagon.fillInputData(AbstractHttpClientWagon.java:1039)
	at shaded.org.apache.maven.wagon.providers.http.AbstractHttpClientWagon.fillInputData(AbstractHttpClientWagon.java:977)
	at shaded.org.apache.maven.wagon.StreamWagon.getInputStream(StreamWagon.java:116)
	at shaded.org.apache.maven.wagon.StreamWagon.getIfNewer(StreamWagon.java:88)
	at shaded.org.apache.maven.wagon.StreamWagon.get(StreamWagon.java:61)
	at shaded.org.eclipse.aether.transport.wagon.WagonTransporter$GetTaskRunner.run(WagonTransporter.java:560)
	at shaded.org.eclipse.aether.transport.wagon.WagonTransporter.execute(WagonTransporter.java:427)
	at shaded.org.eclipse.aether.transport.wagon.WagonTransporter.get(WagonTransporter.java:404)
	at shaded.org.eclipse.aether.connector.basic.BasicRepositoryConnector$GetTaskRunner.runTask(BasicRepositoryConnector.java:447)
	at shaded.org.eclipse.aether.connector.basic.BasicRepositoryConnector$TaskRunner.run(BasicRepositoryConnector.java:350)
	... 46 more
]]></system-err>
  </testcase>
</testsuite>