<?xml version="1.0" encoding="UTF-8"?>
<testsuite xmlns:xsi="http://www.w3.org/2001/XMLSchema-instance" xsi:noNamespaceSchemaLocation="https://maven.apache.org/surefire/maven-surefire-plugin/xsd/surefire-test-report-3.0.xsd" version="3.0" name="net.openhft.affinity.AffinityLockTest" time="0.431" tests="8" errors="0" skipped="0" failures="0">
  <properties>
[...]
</properties>
  <testcase name="dumpLocksI3" classname="net.openhft.affinity.AffinityLockTest" time="0.188">
    <system-out><![CDATA[0: General use CPU
1: Thread[engine,5,main] alive=true
2: General use CPU
3: Thread[main,5,main] alive=false

]]></system-out>
    <system-err><![CDATA[[main] INFO net.openhft.affinity.AffinityLock - No isolated CPUs found, so assuming CPUs 1 to 4 available.
]]></system-err>
  </testcase>
  <testcase name="dumpLocksI7" classname="net.openhft.affinity.AffinityLockTest" time="0.014">
    <system-out><![CDATA[0: General use CPU
1: CPU not available
2: Thread[logger,5,main] alive=true
3: Thread[engine,5,main] alive=true
4: General use CPU
5: CPU not available
6: Thread[main,5,main] alive=false
7: Thread[tcp,5,main] alive=true

]]></system-out>
  </testcase>
  <testcase name="assignReleaseThread" classname="net.openhft.affinity.AffinityLockTest" time="0.024">
    <system-err><![CDATA[[main] INFO net.openhft.affinity.AffinityLock - Assigning cpu 3 to Thread[main,5,main]
[main] INFO net.openhft.affinity.LockInventory - Releasing cpu 3 from Thread[main,5,main]
[main] WARN net.openhft.affinity.LockInventory - No reservable Core for Thread[main,5,main]
[main] INFO net.openhft.affinity.AffinityLock - Assigning cpu 3 to Thread[main,5,main]
[main] INFO net.openhft.affinity.LockInventory - Releasing cpu 3 from Thread[main,5,main]
]]></system-err>
  </testcase>
  <testcase name="dumpLocksCoreDuo" classname="net.openhft.affinity.AffinityLockTest" time="0.002">
    <system-out><![CDATA[0: General use CPU
1: Thread[engine,5,main] alive=true

]]></system-out>
  </testcase>
  <testcase name="testAffinity" classname="net.openhft.affinity.AffinityLockTest" time="0.018">
    <system-out><![CDATA[Thread[main,5,main] on 10
0: General use CPU
1: Reserved for this application
2: Reserved for this application
3: Reserved for this application
4: General use CPU
5: General use CPU
6: General use CPU
7: General use CPU
8: General use CPU
9: General use CPU
10: General use CPU
11: General use CPU
12: General use CPU
13: General use CPU
14: General use CPU
15: General use CPU

Main locked
Thread[main,5,main] on 3
0: General use CPU
1: Reserved for this application
2: Reserved for this application
3: Thread[main,5,main] alive=true
4: General use CPU
5: General use CPU
6: General use CPU
7: General use CPU
8: General use CPU
9: General use CPU
10: General use CPU
11: General use CPU
12: General use CPU
13: General use CPU
14: General use CPU
15: General use CPU

Thread-0 locked
Thread[Thread-1,5,main] on 3
0: General use CPU
1: Reserved for this application
2: Thread[Thread-1,5,main] alive=true
3: Thread[main,5,main] alive=true
4: General use CPU
5: General use CPU
6: General use CPU
7: General use CPU
8: General use CPU
9: General use CPU
10: General use CPU
11: General use CPU
12: General use CPU
13: General use CPU
14: General use CPU
15: General use CPU

Thread-0 unlocked
Thread[main,5,main] on 3
0: General use CPU
1: Reserved for this application
2: Reserved for this application
3: Thread[main,5,main] alive=true
4: General use CPU
5: General use CPU
6: General use CPU
7: General use CPU
8: General use CPU
9: General use CPU
10: General use CPU
11: General use CPU
12: General use CPU
13: General use CPU
14: General use CPU
15: General use CPU

All unlocked
Thread[main,5,main] on 3
0: General use CPU
1: Reserved for this application
2: Reserved for this application
3: Reserved for this application
4: General use CPU
5: General use CPU
6: General use CPU
7: General use CPU
8: General use CPU
9: General use CPU
10: General use CPU
11: General use CPU
12: General use CPU
13: General use CPU
14: General use CPU
15: General use CPU

]]></system-out>
    <system-err><![CDATA[[main] INFO net.openhft.affinity.AffinityLockTest - Started
[main] INFO net.openhft.affinity.AffinityLock - Assigning cpu 3 to Thread[main,5,main]
[Thread-1] INFO net.openhft.affinity.LockInventory - Releasing cpu 2 from Thread[Thread-1,5,main]
[main] INFO net.openhft.affinity.LockInventory - Releasing cpu 3 from Thread[main,5,main]
]]></system-err>
  </testcase>
  <testcase name="testGettid" classname="net.openhft.affinity.AffinityLockTest" time="0.001">
    <system-out><![CDATA[cpu= 3
]]></system-out>
  </testcase>
  <testcase name="testIssue19" classname="net.openhft.affinity.AffinityLockTest" time="0.181">
    <system-out><![CDATA[AffinityLock.PROCESSORS=5
]]></system-out>
    <system-err><![CDATA[[main] INFO net.openhft.affinity.AffinityLock - Assigning cpu 3 to Thread[main,5,main]
[main] WARN net.openhft.affinity.LockInventory - No reservable CPU for Thread[main,5,main]
[main] WARN net.openhft.affinity.LockInventory - No reservable CPU for Thread[main,5,main]
[main] WARN net.openhft.affinity.LockInventory - No reservable CPU for Thread[main,5,main]
[main] WARN net.openhft.affinity.LockInventory - No reservable CPU for Thread[main,5,main]
[main] WARN net.openhft.affinity.LockInventory - No reservable CPU for Thread[main,5,main]
[main] WARN net.openhft.affinity.LockInventory - No reservable CPU for Thread[main,5,main]
[main] WARN net.openhft.affinity.LockInventory - No reservable CPU for Thread[main,5,main]
[main] WARN net.openhft.affinity.LockInventory - No reservable CPU for Thread[main,5,main]
[main] WARN net.openhft.affinity.LockInventory - No reservable CPU for Thread[main,5,main]
[main] WARN net.openhft.affinity.LockInventory - No reservable CPU for Thread[main,5,main]
[main] WARN net.openhft.affinity.LockInventory - No reservable CPU for Thread[main,5,main]
[main] WARN net.openhft.affinity.LockInventory - No reservable CPU for Thread[main,5,main]
[main] WARN net.openhft.affinity.LockInventory - No reservable CPU for Thread[main,5,main]
[main] WARN net.openhft.affinity.LockInventory - No reservable CPU for Thread[main,5,main]
[main] WARN net.openhft.affinity.LockInventory - No reservable CPU for Thread[main,5,main]
[main] WARN net.openhft.affinity.LockInventory - No reservable CPU for Thread[main,5,main]
[main] WARN net.openhft.affinity.LockInventory - No reservable CPU for Thread[main,5,main]
[main] WARN net.openhft.affinity.LockInventory - No reservable CPU for Thread[main,5,main]
[main] WARN net.openhft.affinity.LockInventory - No reservable CPU for Thread[main,5,main]
[main] WARN net.openhft.affinity.LockInventory - No reservable CPU for Thread[main,5,main]
[main] WARN net.openhft.affinity.LockInventory - No reservable CPU for Thread[main,5,main]
[main] WARN net.openhft.affinity.LockInventory - No reservable CPU for Thread[main,5,main]
[main] WARN net.openhft.affinity.LockInventory - No reservable CPU for Thread[main,5,main]
[main] WARN net.openhft.affinity.LockInventory - No reservable CPU for Thread[main,5,main]
[main] WARN net.openhft.affinity.LockInventory - No reservable CPU for Thread[main,5,main]
[main] WARN net.openhft.affinity.LockInventory - No reservable CPU for Thread[main,5,main]
[main] WARN net.openhft.affinity.LockInventory - No reservable CPU for Thread[main,5,main]
[main] WARN net.openhft.affinity.LockInventory - No reservable CPU for Thread[main,5,main]
[main] WARN net.openhft.affinity.LockInventory - No reservable CPU for Thread[main,5,main]
[main] WARN net.openhft.affinity.LockInventory - No reservable CPU for Thread[main,5,main]
[main] WARN net.openhft.affinity.LockInventory - No reservable CPU for Thread[main,5,main]
[main] WARN net.openhft.affinity.LockInventory - No reservable CPU for Thread[main,5,main]
[main] WARN net.openhft.affinity.LockInventory - No reservable CPU for Thread[main,5,main]
[main] WARN net.openhft.affinity.LockInventory - No reservable CPU for Thread[main,5,main]
[main] WARN net.openhft.affinity.LockInventory - No reservable CPU for Thread[main,5,main]
[main] WARN net.openhft.affinity.LockInventory - No reservable CPU for Thread[main,5,main]
[main] WARN net.openhft.affinity.LockInventory - No reservable CPU for Thread[main,5,main]
[main] WARN net.openhft.affinity.LockInventory - No reservable CPU for Thread[main,5,main]
[main] WARN net.openhft.affinity.LockInventory - No reservable CPU for Thread[main,5,main]
[main] WARN net.openhft.affinity.LockInventory - No reservable CPU for Thread[main,5,main]
[main] WARN net.openhft.affinity.LockInventory - No reservable CPU for Thread[main,5,main]
[main] WARN net.openhft.affinity.LockInventory - No reservable CPU for Thread[main,5,main]
[main] WARN net.openhft.affinity.LockInventory - No reservable CPU for Thread[main,5,main]
[main] WARN net.openhft.affinity.LockInventory - No reservable CPU for Thread[main,5,main]
[main] WARN net.openhft.affinity.LockInventory - No reservable CPU for Thread[main,5,main]
[main] WARN net.openhft.affinity.LockInventory - No reservable CPU for Thread[main,5,main]
[main] WARN net.openhft.affinity.LockInventory - No reservable CPU for Thread[main,5,main]
[main] WARN net.openhft.affinity.LockInventory - No reservable CPU for Thread[main,5,main]
[main] WARN net.openhft.affinity.LockInventory - No reservable CPU for Thread[main,5,main]
[main] WARN net.openhft.affinity.LockInventory - No reservable CPU for Thread[main,5,main]
[main] WARN net.openhft.affinity.LockInventory - No reservable CPU for Thread[main,5,main]
[main] WARN net.openhft.affinity.LockInventory - No reservable CPU for Thread[main,5,main]
[main] WARN net.openhft.affinity.LockInventory - No reservable CPU for Thread[main,5,main]
[main] WARN net.openhft.affinity.LockInventory - No reservable CPU for Thread[main,5,main]
[main] WARN net.openhft.affinity.LockInventory - No reservable CPU for Thread[main,5,main]
[main] WARN net.openhft.affinity.LockInventory - No reservable CPU for Thread[main,5,main]
[main] WARN net.openhft.affinity.LockInventory - No reservable CPU for Thread[main,5,main]
[main] WARN net.openhft.affinity.LockInventory - No reservable CPU for Thread[main,5,main]
[main] WARN net.openhft.affinity.LockInventory - No reservable CPU for Thread[main,5,main]
[main] WARN net.openhft.affinity.LockInventory - No reservable CPU for Thread[main,5,main]
[main] WARN net.openhft.affinity.LockInventory - No reservable CPU for Thread[main,5,main]
[main] WARN net.openhft.affinity.LockInventory - No reservable CPU for Thread[main,5,main]
[main] WARN net.openhft.affinity.LockInventory - No reservable CPU for Thread[main,5,main]
[main] WARN net.openhft.affinity.LockInventory - No reservable CPU for Thread[main,5,main]
[main] WARN net.openhft.affinity.LockInventory - No reservable CPU for Thread[main,5,main]
[main] WARN net.openhft.affinity.LockInventory - No reservable CPU for Thread[main,5,main]
[main] WARN net.openhft.affinity.LockInventory - No reservable CPU for Thread[main,5,main]
[main] WARN net.openhft.affinity.LockInventory - No reservable CPU for Thread[main,5,main]
[main] WARN net.openhft.affinity.LockInventory - No reservable CPU for Thread[main,5,main]
[main] WARN net.openhft.affinity.LockInventory - No reservable CPU for Thread[main,5,main]
[main] WARN net.openhft.affinity.LockInventory - No reservable CPU for Thread[main,5,main]
[main] WARN net.openhft.affinity.LockInventory - No reservable CPU for Thread[main,5,main]
[main] WARN net.openhft.affinity.LockInventory - No reservable CPU for Thread[main,5,main]
[main] WARN net.openhft.affinity.LockInventory - No reservable CPU for Thread[main,5,main]
[main] WARN net.openhft.affinity.LockInventory - No reservable CPU for Thread[main,5,main]
[main] WARN net.openhft.affinity.LockInventory - No reservable CPU for Thread[main,5,main]
[main] WARN net.openhft.affinity.LockInventory - No reservable CPU for Thread[main,5,main]
[main] WARN net.openhft.affinity.LockInventory - No reservable CPU for Thread[main,5,main]
[main] WARN net.openhft.affinity.LockInventory - No reservable CPU for Thread[main,5,main]
[main] WARN net.openhft.affinity.LockInventory - No reservable CPU for Thread[main,5,main]
[main] WARN net.openhft.affinity.LockInventory - No reservable CPU for Thread[main,5,main]
[main] WARN net.openhft.affinity.LockInventory - No reservable CPU for Thread[main,5,main]
[main] WARN net.openhft.affinity.LockInventory - No reservable CPU for Thread[main,5,main]
[main] WARN net.openhft.affinity.LockInventory - No reservable CPU for Thread[main,5,main]
[main] WARN net.openhft.affinity.LockInventory - No reservable CPU for Thread[main,5,main]
[main] WARN net.openhft.affinity.LockInventory - No reservable CPU for Thread[main,5,main]
[main] WARN net.openhft.affinity.LockInventory - No reservable CPU for Thread[main,5,main]
[main] WARN net.openhft.affinity.LockInventory - No reservable CPU for Thread[main,5,main]
[main] WARN net.openhft.affinity.LockInventory - No reservable CPU for Thread[main,5,main]
[main] WARN net.openhft.affinity.LockInventory - No reservable CPU for Thread[main,5,main]
[main] WARN net.openhft.affinity.LockInventory - No reservable CPU for Thread[main,5,main]
[main] WARN net.openhft.affinity.LockInventory - No reservable CPU for Thread[main,5,main]
[main] WARN net.openhft.affinity.LockInventory - No reservable CPU for Thread[main,5,main]
[main] WARN net.openhft.affinity.LockInventory - No reservable CPU for Thread[main,5,main]
[main] WARN net.openhft.affinity.LockInventory - No reservable CPU for Thread[main,5,main]
[main] WARN net.openhft.affinity.LockInventory - No reservable CPU for Thread[main,5,main]
[main] WARN net.openhft.affinity.LockInventory - No reservable CPU for Thread[main,5,main]
[main] WARN net.openhft.affinity.LockInventory - No reservable CPU for Thread[main,5,main]
[main] WARN net.openhft.affinity.LockInventory - No reservable CPU for Thread[main,5,main]
[main] WARN net.openhft.affinity.LockInventory - No reservable CPU for Thread[main,5,main]
[main] WARN net.openhft.affinity.LockInventory - No reservable CPU for Thread[main,5,main]
[main] WARN net.openhft.affinity.LockInventory - No reservable CPU for Thread[main,5,main]
[main] WARN net.openhft.affinity.LockInventory - No reservable CPU for Thread[main,5,main]
[main] WARN net.openhft.affinity.LockInventory - No reservable CPU for Thread[main,5,main]
[main] WARN net.openhft.affinity.LockInventory - No reservable CPU for Thread[main,5,main]
[main] WARN net.openhft.affinity.LockInventory - No reservable CPU for Thread[main,5,main]
[main] WARN net.openhft.affinity.LockInventory - No reservable CPU for Thread[main,5,main]
[main] WARN net.openhft.affinity.LockInventory - No reservable CPU for Thread[main,5,main]
[main] WARN net.openhft.affinity.LockInventory - No reservable CPU for Thread[main,5,main]
[main] WARN net.openhft.affinity.LockInventory - No reservable CPU for Thread[main,5,main]
[main] WARN net.openhft.affinity.LockInventory - No reservable CPU for Thread[main,5,main]
[main] WARN net.openhft.affinity.LockInventory - No reservable CPU for Thread[main,5,main]
[main] WARN net.openhft.affinity.LockInventory - No reservable CPU for Thread[main,5,main]
[main] WARN net.openhft.affinity.LockInventory - No reservable CPU for Thread[main,5,main]
[main] WARN net.openhft.affinity.LockInventory - No reservable CPU for Thread[main,5,main]
[main] WARN net.openhft.affinity.LockInventory - No reservable CPU for Thread[main,5,main]
[main] WARN net.openhft.affinity.LockInventory - No reservable CPU for Thread[main,5,main]
[main] WARN net.openhft.affinity.LockInventory - No reservable CPU for Thread[main,5,main]
[main] WARN net.openhft.affinity.LockInventory - No reservable CPU for Thread[main,5,main]
[main] WARN net.openhft.affinity.LockInventory - No reservable CPU for Thread[main,5,main]
[main] WARN net.openhft.affinity.LockInventory - No reservable CPU for Thread[main,5,main]
[main] WARN net.openhft.affinity.LockInventory - No reservable CPU for Thread[main,5,main]
[main] WARN net.openhft.affinity.LockInventory - No reservable CPU for Thread[main,5,main]
[main] WARN net.openhft.affinity.LockInventory - No reservable CPU for Thread[main,5,main]
[main] WARN net.openhft.affinity.LockInventory - No reservable CPU for Thread[main,5,main]
[main] WARN net.openhft.affinity.LockInventory - No reservable CPU for Thread[main,5,main]
[main] WARN net.openhft.affinity.LockInventory - No reservable CPU for Thread[main,5,main]
[main] WARN net.openhft.affinity.LockInventory - No reservable CPU for Thread[main,5,main]
[main] WARN net.openhft.affinity.LockInventory - No reservable CPU for Thread[main,5,main]
[main] WARN net.openhft.affinity.LockInventory - No reservable CPU for Thread[main,5,main]
[main] WARN net.openhft.affinity.LockInventory - No reservable CPU for Thread[main,5,main]
[main] WARN net.openhft.affinity.LockInventory - No reservable CPU for Thread[main,5,main]
[main] WARN net.openhft.affinity.LockInventory - No reservable CPU for Thread[main,5,main]
[main] WARN net.openhft.affinity.LockInventory - No reservable CPU for Thread[main,5,main]
[main] WARN net.openhft.affinity.LockInventory - No reservable CPU for Thread[main,5,main]
[main] WARN net.openhft.affinity.LockInventory - No reservable CPU for Thread[main,5,main]
[main] WARN net.openhft.affinity.LockInventory - No reservable CPU for Thread[main,5,main]
[main] WARN net.openhft.affinity.LockInventory - No reservable CPU for Thread[main,5,main]
[main] WARN net.openhft.affinity.LockInventory - No reservable CPU for Thread[main,5,main]
[main] WARN net.openhft.affinity.LockInventory - No reservable CPU for Thread[main,5,main]
[main] WARN net.openhft.affinity.LockInventory - No reservable CPU for Thread[main,5,main]
[main] WARN net.openhft.affinity.LockInventory - No reservable CPU for Thread[main,5,main]
[main] WARN net.openhft.affinity.LockInventory - No reservable CPU for Thread[main,5,main]
[main] WARN net.openhft.affinity.LockInventory - No reservable CPU for Thread[main,5,main]
[main] WARN net.openhft.affinity.LockInventory - No reservable CPU for Thread[main,5,main]
[main] WARN net.openhft.affinity.LockInventory - No reservable CPU for Thread[main,5,main]
[main] WARN net.openhft.affinity.LockInventory - No reservable CPU for Thread[main,5,main]
[main] WARN net.openhft.affinity.LockInventory - No reservable CPU for Thread[main,5,main]
[main] WARN net.openhft.affinity.LockInventory - No reservable CPU for Thread[main,5,main]
[main] WARN net.openhft.affinity.LockInventory - No reservable CPU for Thread[main,5,main]
[main] WARN net.openhft.affinity.LockInventory - No reservable CPU for Thread[main,5,main]
[main] WARN net.openhft.affinity.LockInventory - No reservable CPU for Thread[main,5,main]
[main] WARN net.openhft.affinity.LockInventory - No reservable CPU for Thread[main,5,main]
[main] WARN net.openhft.affinity.LockInventory - No reservable CPU for Thread[main,5,main]
[main] WARN net.openhft.affinity.LockInventory - No reservable CPU for Thread[main,5,main]
[main] WARN net.openhft.affinity.LockInventory - No reservable CPU for Thread[main,5,main]
[main] WARN net.openhft.affinity.LockInventory - No reservable CPU for Thread[main,5,main]
[main] WARN net.openhft.affinity.LockInventory - No reservable CPU for Thread[main,5,main]
[main] WARN net.openhft.affinity.LockInventory - No reservable CPU for Thread[main,5,main]
[main] WARN net.openhft.affinity.LockInventory - No reservable CPU for Thread[main,5,main]
[main] WARN net.openhft.affinity.LockInventory - No reservable CPU for Thread[main,5,main]
[main] WARN net.openhft.affinity.LockInventory - No reservable CPU for Thread[main,5,main]
[main] WARN net.openhft.affinity.LockInventory - No reservable CPU for Thread[main,5,main]
[main] WARN net.openhft.affinity.LockInventory - No reservable CPU for Thread[main,5,main]
[main] WARN net.openhft.affinity.LockInventory - No reservable CPU for Thread[main,5,main]
[main] WARN net.openhft.affinity.LockInventory - No reservable CPU for Thread[main,5,main]
[main] WARN net.openhft.affinity.LockInventory - No reservable CPU for Thread[main,5,main]
[main] WARN net.openhft.affinity.LockInventory - No reservable CPU for Thread[main,5,main]
[main] WARN net.openhft.affinity.LockInventory - No reservable CPU for Thread[main,5,main]
[main] WARN net.openhft.affinity.LockInventory - No reservable CPU for Thread[main,5,main]
[main] WARN net.openhft.affinity.LockInventory - No reservable CPU for Thread[main,5,main]
[main] WARN net.openhft.affinity.LockInventory - No reservable CPU for Thread[main,5,main]
[main] WARN net.openhft.affinity.LockInventory - No reservable CPU for Thread[main,5,main]
[main] WARN net.openhft.affinity.LockInventory - No reservable CPU for Thread[main,5,main]
[main] WARN net.openhft.affinity.LockInventory - No reservable CPU for Thread[main,5,main]
[main] WARN net.openhft.affinity.LockInventory - No reservable CPU for Thread[main,5,main]
[main] WARN net.openhft.affinity.LockInventory - No reservable CPU for Thread[main,5,main]
[main] WARN net.openhft.affinity.LockInventory - No reservable CPU for Thread[main,5,main]
[main] WARN net.openhft.affinity.LockInventory - No reservable CPU for Thread[main,5,main]
[main] WARN net.openhft.affinity.LockInventory - No reservable CPU for Thread[main,5,main]
[main] WARN net.openhft.affinity.LockInventory - No reservable CPU for Thread[main,5,main]
[main] WARN net.openhft.affinity.LockInventory - No reservable CPU for Thread[main,5,main]
[main] WARN net.openhft.affinity.LockInventory - No reservable CPU for Thread[main,5,main]
[main] WARN net.openhft.affinity.LockInventory - No reservable CPU for Thread[main,5,main]
[main] WARN net.openhft.affinity.LockInventory - No reservable CPU for Thread[main,5,main]
[main] WARN net.openhft.affinity.LockInventory - No reservable CPU for Thread[main,5,main]
[main] WARN net.openhft.affinity.LockInventory - No reservable CPU for Thread[main,5,main]
[main] WARN net.openhft.affinity.LockInventory - No reservable CPU for Thread[main,5,main]
[main] WARN net.openhft.affinity.LockInventory - No reservable CPU for Thread[main,5,main]
[main] WARN net.openhft.affinity.LockInventory - No reservable CPU for Thread[main,5,main]
[main] WARN net.openhft.affinity.LockInventory - No reservable CPU for Thread[main,5,main]
[main] WARN net.openhft.affinity.LockInventory - No reservable CPU for Thread[main,5,main]
[main] WARN net.openhft.affinity.LockInventory - No reservable CPU for Thread[main,5,main]
[main] WARN net.openhft.affinity.LockInventory - No reservable CPU for Thread[main,5,main]
[main] WARN net.openhft.affinity.LockInventory - No reservable CPU for Thread[main,5,main]
[main] WARN net.openhft.affinity.LockInventory - No reservable CPU for Thread[main,5,main]
[main] WARN net.openhft.affinity.LockInventory - No reservable CPU for Thread[main,5,main]
[main] WARN net.openhft.affinity.LockInventory - No reservable CPU for Thread[main,5,main]
[main] WARN net.openhft.affinity.LockInventory - No reservable CPU for Thread[main,5,main]
[main] WARN net.openhft.affinity.LockInventory - No reservable CPU for Thread[main,5,main]
[main] WARN net.openhft.affinity.LockInventory - No reservable CPU for Thread[main,5,main]
[main] WARN net.openhft.affinity.LockInventory - No reservable CPU for Thread[main,5,main]
[main] WARN net.openhft.affinity.LockInventory - No reservable CPU for Thread[main,5,main]
[main] WARN net.openhft.affinity.LockInventory - No reservable CPU for Thread[main,5,main]
[main] WARN net.openhft.affinity.LockInventory - No reservable CPU for Thread[main,5,main]
[main] WARN net.openhft.affinity.LockInventory - No reservable CPU for Thread[main,5,main]
[main] WARN net.openhft.affinity.LockInventory - No reservable CPU for Thread[main,5,main]
[main] WARN net.openhft.affinity.LockInventory - No reservable CPU for Thread[main,5,main]
[main] WARN net.openhft.affinity.LockInventory - No reservable CPU for Thread[main,5,main]
[main] WARN net.openhft.affinity.LockInventory - No reservable CPU for Thread[main,5,main]
[main] WARN net.openhft.affinity.LockInventory - No reservable CPU for Thread[main,5,main]
[main] WARN net.openhft.affinity.LockInventory - No reservable CPU for Thread[main,5,main]
[main] WARN net.openhft.affinity.LockInventory - No reservable CPU for Thread[main,5,main]
[main] WARN net.openhft.affinity.LockInventory - No reservable CPU for Thread[main,5,main]
[main] WARN net.openhft.affinity.LockInventory - No reservable CPU for Thread[main,5,main]
[main] WARN net.openhft.affinity.LockInventory - No reservable CPU for Thread[main,5,main]
[main] WARN net.openhft.affinity.LockInventory - No reservable CPU for Thread[main,5,main]
[main] WARN net.openhft.affinity.LockInventory - No reservable CPU for Thread[main,5,main]
[main] WARN net.openhft.affinity.LockInventory - No reservable CPU for Thread[main,5,main]
[main] WARN net.openhft.affinity.LockInventory - No reservable CPU for Thread[main,5,main]
[main] WARN net.openhft.affinity.LockInventory - No reservable CPU for Thread[main,5,main]
[main] WARN net.openhft.affinity.LockInventory - No reservable CPU for Thread[main,5,main]
[main] WARN net.openhft.affinity.LockInventory - No reservable CPU for Thread[main,5,main]
[main] WARN net.openhft.affinity.LockInventory - No reservable CPU for Thread[main,5,main]
[main] WARN net.openhft.affinity.LockInventory - No reservable CPU for Thread[main,5,main]
[main] WARN net.openhft.affinity.LockInventory - No reservable CPU for Thread[main,5,main]
[main] WARN net.openhft.affinity.LockInventory - No reservable CPU for Thread[main,5,main]
[main] WARN net.openhft.affinity.LockInventory - No reservable CPU for Thread[main,5,main]
[main] WARN net.openhft.affinity.LockInventory - No reservable CPU for Thread[main,5,main]
[main] WARN net.openhft.affinity.LockInventory - No reservable CPU for Thread[main,5,main]
[main] WARN net.openhft.affinity.LockInventory - No reservable CPU for Thread[main,5,main]
[main] WARN net.openhft.affinity.LockInventory - No reservable CPU for Thread[main,5,main]
[main] WARN net.openhft.affinity.LockInventory - No reservable CPU for Thread[main,5,main]
[main] WARN net.openhft.affinity.LockInventory - No reservable CPU for Thread[main,5,main]
[main] WARN net.openhft.affinity.LockInventory - No reservable CPU for Thread[main,5,main]
[main] WARN net.openhft.affinity.LockInventory - No reservable CPU for Thread[main,5,main]
[main] WARN net.openhft.affinity.LockInventory - No reservable CPU for Thread[main,5,main]
[main] WARN net.openhft.affinity.LockInventory - No reservable CPU for Thread[main,5,main]
[main] WARN net.openhft.affinity.LockInventory - No reservable CPU for Thread[main,5,main]
[main] WARN net.openhft.affinity.LockInventory - No reservable CPU for Thread[main,5,main]
[main] WARN net.openhft.affinity.LockInventory - No reservable CPU for Thread[main,5,main]
[main] WARN net.openhft.affinity.LockInventory - No reservable CPU for Thread[main,5,main]
[main] WARN net.openhft.affinity.LockInventory - No reservable CPU for Thread[main,5,main]
[main] WARN net.openhft.affinity.LockInventory - No reservable CPU for Thread[main,5,main]
[main] WARN net.openhft.affinity.LockInventory - No reservable CPU for Thread[main,5,main]
[main] WARN net.openhft.affinity.LockInventory - No reservable CPU for Thread[main,5,main]
[main] WARN net.openhft.affinity.LockInventory - No reservable CPU for Thread[main,5,main]
[main] WARN net.openhft.affinity.LockInventory - No reservable CPU for Thread[main,5,main]
[main] WARN net.openhft.affinity.LockInventory - No reservable CPU for Thread[main,5,main]
[main] WARN net.openhft.affinity.LockInventory - No reservable CPU for Thread[main,5,main]
[main] WARN net.openhft.affinity.LockInventory - No reservable CPU for Thread[main,5,main]
[main] WARN net.openhft.affinity.LockInventory - No reservable CPU for Thread[main,5,main]
[main] WARN net.openhft.affinity.LockInventory - No reservable CPU for Thread[main,5,main]
[main] WARN net.openhft.affinity.LockInventory - No reservable CPU for Thread[main,5,main]
[main] INFO net.openhft.affinity.LockInventory - Releasing cpu 1 from Thread[main,5,main]
[main] INFO net.openhft.affinity.LockInventory - Releasing cpu 2 from Thread[main,5,main]
[main] INFO net.openhft.affinity.LockInventory - Releasing cpu 3 from Thread[main,5,main]
]]></system-err>
  </testcase>
  <testcase name="testIssue21" classname="net.openhft.affinity.AffinityLockTest" time="0.002">
    <system-err><![CDATA[[main] INFO net.openhft.affinity.AffinityLock - Assigning cpu 3 to Thread[main,5,main]
[main] INFO net.openhft.affinity.LockInventory - Releasing cpu 2 from Thread[main,5,main]
[main] INFO net.openhft.affinity.LockInventory - Releasing cpu 3 from Thread[main,5,main]
]]></system-err>
  </testcase>
</testsuite>